# JRE version: Java(TM) SE Runtime Environment (16.0.1+9) (build 16.0.1+9-24)
# Java VM: Java HotSpot(TM) 64-Bit Server VM (16.0.1+9-24, mixed mode, sharing, tiered, compressed oops, compressed class ptrs, g1 gc, windows-amd64)
GC Precious Log:
 CPUs: 4 total, 4 available
 Memory: 6063M
 Large Page Support: Disabled
 NUMA Support: Disabled
 Compressed Oops: Enabled (32-bit)
 Heap Region Size: 1M
 Heap Min Capacity: 8M
 Heap Initial Capacity: 96M
 Heap Max Capacity: 1516M
 Pre-touch: Disabled
 Parallel Workers: 4
 Concurrent Workers: 1
 Concurrent Refinement Workers: 4
 Periodic GC: Disabled
Heap:
 garbage-first heap   total 368640K, used 41757K [0x00000000a1400000, 0x0000000100000000)
  region size 1024K, 6 young (6144K), 6 survivors (6144K)
 Metaspace       used 43060K, committed 44736K, reserved 1097728K
  class space    used 5195K, committed 5760K, reserved 1048576K
GC Heap History (20 events):
Event: 23477.593 GC heap after
{Heap after GC invocations=80 (full 0):
 garbage-first heap   total 143360K, used 34647K [0x00000000a1400000, 0x0000000100000000)
  region size 1024K, 1 young (1024K), 1 survivors (1024K)
 Metaspace       used 41464K, committed 43392K, reserved 1097728K
  class space    used 5137K, committed 5696K, reserved 1048576K
}
Event: 23826.716 GC heap before
{Heap before GC invocations=80 (full 0):
 garbage-first heap   total 143360K, used 107351K [0x00000000a1400000, 0x0000000100000000)
  region size 1024K, 72 young (73728K), 1 survivors (1024K)
 Metaspace       used 42800K, committed 44416K, reserved 1097728K
  class space    used 5178K, committed 5760K, reserved 1048576K
}
Event: 23826.723 GC heap after
{Heap after GC invocations=81 (full 0):
 garbage-first heap   total 143360K, used 39974K [0x00000000a1400000, 0x0000000100000000)
  region size 1024K, 7 young (7168K), 7 survivors (7168K)
 Metaspace       used 42800K, committed 44416K, reserved 1097728K
  class space    used 5178K, committed 5760K, reserved 1048576K
}
Event: 23842.128 GC heap before
{Heap before GC invocations=82 (full 0):
 garbage-first heap   total 143360K, used 104486K [0x00000000a1400000, 0x0000000100000000)
  region size 1024K, 73 young (74752K), 7 survivors (7168K)
 Metaspace       used 41425K, committed 42944K, reserved 1097728K
  class space    used 5147K, committed 5760K, reserved 1048576K
}
Event: 23842.140 GC heap after
{Heap after GC invocations=83 (full 0):
 garbage-first heap   total 143360K, used 43223K [0x00000000a1400000, 0x0000000100000000)
  region size 1024K, 7 young (7168K), 7 survivors (7168K)
 Metaspace       used 41425K, committed 42944K, reserved 1097728K
  class space    used 5147K, committed 5760K, reserved 1048576K
}
Event: 23842.145 GC heap before
{Heap before GC invocations=83 (full 0):
 garbage-first heap   total 143360K, used 44247K [0x00000000a1400000, 0x0000000100000000)
  region size 1024K, 8 young (8192K), 7 survivors (7168K)
 Metaspace       used 41426K, committed 43008K, reserved 1097728K
  class space    used 5147K, committed 5760K, reserved 1048576K
}
Event: 23842.160 GC heap after
{Heap after GC invocations=84 (full 0):
 garbage-first heap   total 143360K, used 34554K [0x00000000a1400000, 0x0000000100000000)
  region size 1024K, 1 young (1024K), 1 survivors (1024K)
 Metaspace       used 41426K, committed 43008K, reserved 1097728K
  class space    used 5147K, committed 5760K, reserved 1048576K
}
Event: 23850.789 GC heap before
{Heap before GC invocations=84 (full 0):
 garbage-first heap   total 143360K, used 107258K [0x00000000a1400000, 0x0000000100000000)
  region size 1024K, 72 young (73728K), 1 survivors (1024K)
 Metaspace       used 42866K, committed 44544K, reserved 1097728K
  class space    used 5191K, committed 5760K, reserved 1048576K
}
Event: 23850.799 GC heap after
{Heap after GC invocations=85 (full 0):
 garbage-first heap   total 143360K, used 40459K [0x00000000a1400000, 0x0000000100000000)
  region size 1024K, 7 young (7168K), 7 survivors (7168K)
 Metaspace       used 42866K, committed 44544K, reserved 1097728K
  class space    used 5191K, committed 5760K, reserved 1048576K
}
Event: 23874.245 GC heap before
{Heap before GC invocations=86 (full 0):
 garbage-first heap   total 137216K, used 105995K [0x00000000a1400000, 0x0000000100000000)
  region size 1024K, 74 young (75776K), 7 survivors (7168K)
 Metaspace       used 41852K, committed 43648K, reserved 1097728K
  class space    used 5158K, committed 5760K, reserved 1048576K
}
Event: 23874.263 GC heap after
{Heap after GC invocations=87 (full 0):
 garbage-first heap   total 137216K, used 44394K [0x00000000a1400000, 0x0000000100000000)
  region size 1024K, 7 young (7168K), 7 survivors (7168K)
 Metaspace       used 41852K, committed 43648K, reserved 1097728K
  class space    used 5158K, committed 5760K, reserved 1048576K
}
Event: 23874.286 GC heap before
{Heap before GC invocations=87 (full 0):
 garbage-first heap   total 137216K, used 45418K [0x00000000a1400000, 0x0000000100000000)
  region size 1024K, 8 young (8192K), 7 survivors (7168K)
 Metaspace       used 41860K, committed 43648K, reserved 1097728K
  class space    used 5158K, committed 5760K, reserved 1048576K
}
Event: 23874.301 GC heap after
{Heap after GC invocations=88 (full 0):
 garbage-first heap   total 137216K, used 35939K [0x00000000a1400000, 0x0000000100000000)
  region size 1024K, 1 young (1024K), 1 survivors (1024K)
 Metaspace       used 41860K, committed 43648K, reserved 1097728K
  class space    used 5158K, committed 5760K, reserved 1048576K
}
Event: 23879.941 GC heap before
{Heap before GC invocations=88 (full 0):
 garbage-first heap   total 137216K, used 101475K [0x00000000a1400000, 0x0000000100000000)
  region size 1024K, 65 young (66560K), 1 survivors (1024K)
 Metaspace       used 43394K, committed 45120K, reserved 1097728K
  class space    used 5206K, committed 5760K, reserved 1048576K
}
Event: 23879.952 GC heap after
{Heap after GC invocations=89 (full 0):
 garbage-first heap   total 137216K, used 42806K [0x00000000a1400000, 0x0000000100000000)
  region size 1024K, 8 young (8192K), 8 survivors (8192K)
 Metaspace       used 43394K, committed 45120K, reserved 1097728K
  class space    used 5206K, committed 5760K, reserved 1048576K
}
Event: 23885.333 GC heap before
{Heap before GC invocations=90 (full 0):
 garbage-first heap   total 130048K, used 97078K [0x00000000a1400000, 0x0000000100000000)
  region size 1024K, 67 young (68608K), 8 survivors (8192K)
 Metaspace       used 41792K, committed 43712K, reserved 1097728K
  class space    used 5156K, committed 5760K, reserved 1048576K
}
Event: 23885.352 GC heap after
{Heap after GC invocations=91 (full 0):
 garbage-first heap   total 130048K, used 43417K [0x00000000a1400000, 0x0000000100000000)
  region size 1024K, 7 young (7168K), 7 survivors (7168K)
 Metaspace       used 41792K, committed 43712K, reserved 1097728K
  class space    used 5156K, committed 5760K, reserved 1048576K
}
Event: 23885.363 GC heap before
{Heap before GC invocations=91 (full 0):
 garbage-first heap   total 130048K, used 44441K [0x00000000a1400000, 0x0000000100000000)
  region size 1024K, 8 young (8192K), 7 survivors (7168K)
 Metaspace       used 41860K, committed 43712K, reserved 1097728K
  class space    used 5158K, committed 5760K, reserved 1048576K
}
Event: 23885.379 GC heap after
{Heap after GC invocations=92 (full 0):
 garbage-first heap   total 130048K, used 36741K [0x00000000a1400000, 0x0000000100000000)
  region size 1024K, 1 young (1024K), 1 survivors (1024K)
 Metaspace       used 41860K, committed 43712K, reserved 1097728K
  class space    used 5158K, committed 5760K, reserved 1048576K
}
Event: 23890.316 GC heap before
{Heap before GC invocations=92 (full 0):
 garbage-first heap   total 130048K, used 97157K [0x00000000a1400000, 0x0000000100000000)
  region size 1024K, 60 young (61440K), 1 survivors (1024K)
 Metaspace       used 43060K, committed 44736K, reserved 1097728K
  class space    used 5195K, committed 5760K, reserved 1048576K
}

